16:52:58 **** Rebuild of configuration Debug for project Priority Queue ****
Info: Internal Builder is used for build
gcc -O0 -g3 -Wall -c -fmessage-length=0 -o main.o "..\\main.c" 
gcc -o "Priority Queue.exe" main.o 
Info: Nothing to build for Priority Queue
16:54:43 **** Incremental Build of configuration Debug for project Priority Queue ****
Info: Internal Builder is used for build
gcc -O0 -g3 -Wall -c -fmessage-length=0 -o main.o "..\\main.c" 
gcc -o "Priority Queue.exe" main.o 
16:55:26 **** Incremental Build of configuration Debug for project Priority Queue ****
Info: Internal Builder is used for build
gcc -O0 -g3 -Wall -c -fmessage-length=0 -o main.o "..\\main.c" 
gcc -o "Priority Queue.exe" main.o 
16:55:53 **** Incremental Build of configuration Debug for project Priority Queue ****
Info: Internal Builder is used for build
gcc -O0 -g3 -Wall -c -fmessage-length=0 -o main.o "..\\main.c" 
gcc -o "Priority Queue.exe" main.o 
16:57:21 **** Incremental Build of configuration Debug for project Priority Queue ****
Info: Internal Builder is used for build
gcc -O0 -g3 -Wall -c -fmessage-length=0 -o main.o "..\\main.c" 
gcc -o "Priority Queue.exe" main.o 
